{"C:\\Users\\2324291056\\Documents\\BECK NOT END\\backend_training\\Aulas\\aula06\\app.js": {"path":"C:\\Users\\2324291056\\Documents\\BECK NOT END\\backend_training\\Aulas\\aula06\\app.js","statementMap":{"0":{"start":{"line":1,"column":16},"end":{"line":1,"column":34}},"1":{"start":{"line":2,"column":13},"end":{"line":2,"column":28}},"2":{"start":{"line":3,"column":21},"end":{"line":3,"column":45}},"3":{"start":{"line":4,"column":15},"end":{"line":4,"column":32}},"4":{"start":{"line":7,"column":20},"end":{"line":7,"column":45}},"5":{"start":{"line":9,"column":12},"end":{"line":9,"column":21}},"6":{"start":{"line":11,"column":0},"end":{"line":11,"column":23}},"7":{"start":{"line":12,"column":0},"end":{"line":12,"column":24}},"8":{"start":{"line":13,"column":0},"end":{"line":13,"column":49}},"9":{"start":{"line":14,"column":0},"end":{"line":14,"column":24}},"10":{"start":{"line":16,"column":0},"end":{"line":16,"column":26}},"11":{"start":{"line":18,"column":16},"end":{"line":18,"column":18}},"12":{"start":{"line":19,"column":0},"end":{"line":21,"column":3}},"13":{"start":{"line":20,"column":4},"end":{"line":20,"column":22}},"14":{"start":{"line":23,"column":0},"end":{"line":30,"column":3}},"15":{"start":{"line":24,"column":23},"end":{"line":27,"column":5}},"16":{"start":{"line":28,"column":4},"end":{"line":28,"column":28}},"17":{"start":{"line":29,"column":4},"end":{"line":29,"column":37}},"18":{"start":{"line":32,"column":0},"end":{"line":39,"column":4}},"19":{"start":{"line":33,"column":19},"end":{"line":33,"column":29}},"20":{"start":{"line":34,"column":29},"end":{"line":35,"column":32}},"21":{"start":{"line":35,"column":8},"end":{"line":35,"column":31}},"22":{"start":{"line":36,"column":4},"end":{"line":37,"column":42}},"23":{"start":{"line":37,"column":8},"end":{"line":37,"column":42}},"24":{"start":{"line":38,"column":4},"end":{"line":38,"column":57}},"25":{"start":{"line":40,"column":0},"end":{"line":40,"column":21}}},"fnMap":{"0":{"name":"(anonymous_0)","decl":{"start":{"line":19,"column":20},"end":{"line":19,"column":21}},"loc":{"start":{"line":19,"column":34},"end":{"line":21,"column":1}},"line":19},"1":{"name":"(anonymous_1)","decl":{"start":{"line":23,"column":21},"end":{"line":23,"column":22}},"loc":{"start":{"line":23,"column":35},"end":{"line":30,"column":1}},"line":23},"2":{"name":"(anonymous_2)","decl":{"start":{"line":32,"column":24},"end":{"line":32,"column":25}},"loc":{"start":{"line":32,"column":38},"end":{"line":39,"column":2}},"line":32},"3":{"name":"(anonymous_3)","decl":{"start":{"line":34,"column":42},"end":{"line":34,"column":43}},"loc":{"start":{"line":35,"column":8},"end":{"line":35,"column":31}},"line":35}},"branchMap":{"0":{"loc":{"start":{"line":36,"column":4},"end":{"line":37,"column":42}},"type":"if","locations":[{"start":{"line":36,"column":4},"end":{"line":37,"column":42}},{"start":{},"end":{}}],"line":36}},"s":{"0":1,"1":1,"2":1,"3":1,"4":1,"5":1,"6":1,"7":1,"8":1,"9":1,"10":1,"11":1,"12":1,"13":1,"14":1,"15":1,"16":1,"17":1,"18":1,"19":2,"20":2,"21":2,"22":2,"23":1,"24":1,"25":1},"f":{"0":1,"1":1,"2":2,"3":2},"b":{"0":[1,1]},"_coverageSchema":"1a1c01bbd47fc00a2c39e90264f33305004495a9","hash":"4c58dcbb5795dcd9c9cf94be970ffa11a942813f"}
,"C:\\Users\\2324291056\\Documents\\BECK NOT END\\backend_training\\Aulas\\aula06\\routes\\index.js": {"path":"C:\\Users\\2324291056\\Documents\\BECK NOT END\\backend_training\\Aulas\\aula06\\routes\\index.js","statementMap":{"0":{"start":{"line":1,"column":14},"end":{"line":1,"column":32}},"1":{"start":{"line":2,"column":13},"end":{"line":2,"column":29}},"2":{"start":{"line":5,"column":0},"end":{"line":7,"column":3}},"3":{"start":{"line":6,"column":2},"end":{"line":6,"column":44}},"4":{"start":{"line":9,"column":0},"end":{"line":9,"column":24}}},"fnMap":{"0":{"name":"(anonymous_0)","decl":{"start":{"line":5,"column":16},"end":{"line":5,"column":17}},"loc":{"start":{"line":5,"column":41},"end":{"line":7,"column":1}},"line":5}},"branchMap":{},"s":{"0":1,"1":1,"2":1,"3":0,"4":1},"f":{"0":0},"b":{},"_coverageSchema":"1a1c01bbd47fc00a2c39e90264f33305004495a9","hash":"0ba375bba1a341ac7c124142c0de55308cfd6758"}
}
