<?xml version="1.0" encoding="UTF-8"?>
<coverage generated="1756427984505" clover="3.2.0">
  <project timestamp="1756427984505" name="All files">
    <metrics statements="5" coveredstatements="5" conditionals="2" coveredconditionals="1" methods="3" coveredmethods="3" elements="10" coveredelements="9" complexity="0" loc="5" ncloc="5" packages="1" files="1" classes="1"/>
    <file name="calculadora.js" path="C:\Users\2324291056\Documents\BECK NOT END\backend_training\Aulas\Aula04\src\calculadora.js">
      <metrics statements="5" coveredstatements="5" conditionals="2" coveredconditionals="1" methods="3" coveredmethods="3"/>
      <line num="2" count="3" type="stmt"/>
      <line num="6" count="4" type="stmt"/>
      <line num="10" count="1" type="cond" truecount="1" falsecount="1"/>
      <line num="11" count="1" type="stmt"/>
      <line num="14" count="1" type="stmt"/>
    </file>
  </project>
</coverage>
