{"C:\\Users\\2324291056\\Documents\\BECK NOT END\\backend_training\\Praticas\\Pratica07\\app.js": {"path":"C:\\Users\\2324291056\\Documents\\BECK NOT END\\backend_training\\Praticas\\Pratica07\\app.js","statementMap":{"0":{"start":{"line":1,"column":0},"end":{"line":1,"column":27}},"1":{"start":{"line":2,"column":16},"end":{"line":2,"column":34}},"2":{"start":{"line":3,"column":21},"end":{"line":3,"column":45}},"3":{"start":{"line":4,"column":15},"end":{"line":4,"column":32}},"4":{"start":{"line":5,"column":17},"end":{"line":5,"column":36}},"5":{"start":{"line":6,"column":23},"end":{"line":6,"column":57}},"6":{"start":{"line":8,"column":12},"end":{"line":8,"column":145}},"7":{"start":{"line":10,"column":0},"end":{"line":13,"column":75}},"8":{"start":{"line":12,"column":14},"end":{"line":12,"column":49}},"9":{"start":{"line":13,"column":18},"end":{"line":13,"column":73}},"10":{"start":{"line":15,"column":12},"end":{"line":15,"column":21}},"11":{"start":{"line":17,"column":0},"end":{"line":17,"column":23}},"12":{"start":{"line":18,"column":0},"end":{"line":18,"column":24}},"13":{"start":{"line":19,"column":0},"end":{"line":19,"column":49}},"14":{"start":{"line":20,"column":0},"end":{"line":20,"column":24}},"15":{"start":{"line":21,"column":0},"end":{"line":21,"column":37}},"16":{"start":{"line":23,"column":0},"end":{"line":25,"column":3}},"17":{"start":{"line":24,"column":4},"end":{"line":24,"column":45}},"18":{"start":{"line":27,"column":0},"end":{"line":27,"column":21}}},"fnMap":{"0":{"name":"(anonymous_0)","decl":{"start":{"line":12,"column":8},"end":{"line":12,"column":9}},"loc":{"start":{"line":12,"column":14},"end":{"line":12,"column":49}},"line":12},"1":{"name":"(anonymous_1)","decl":{"start":{"line":13,"column":9},"end":{"line":13,"column":10}},"loc":{"start":{"line":13,"column":18},"end":{"line":13,"column":73}},"line":13},"2":{"name":"(anonymous_2)","decl":{"start":{"line":23,"column":13},"end":{"line":23,"column":14}},"loc":{"start":{"line":23,"column":27},"end":{"line":25,"column":1}},"line":23}},"branchMap":{},"s":{"0":1,"1":1,"2":1,"3":1,"4":1,"5":1,"6":1,"7":1,"8":1,"9":0,"10":1,"11":1,"12":1,"13":1,"14":1,"15":1,"16":1,"17":0,"18":1},"f":{"0":1,"1":0,"2":0},"b":{},"_coverageSchema":"1a1c01bbd47fc00a2c39e90264f33305004495a9","hash":"76955d0d6b5a18ecd6bb3adf4909b90ed7068ed1"}
,"C:\\Users\\2324291056\\Documents\\BECK NOT END\\backend_training\\Praticas\\Pratica07\\controllers\\produtosController.js": {"path":"C:\\Users\\2324291056\\Documents\\BECK NOT END\\backend_training\\Praticas\\Pratica07\\controllers\\produtosController.js","statementMap":{"0":{"start":{"line":1,"column":17},"end":{"line":1,"column":36}},"1":{"start":{"line":2,"column":16},"end":{"line":2,"column":50}},"2":{"start":{"line":4,"column":14},"end":{"line":12,"column":1}},"3":{"start":{"line":5,"column":4},"end":{"line":11,"column":5}},"4":{"start":{"line":6,"column":32},"end":{"line":6,"column":40}},"5":{"start":{"line":7,"column":28},"end":{"line":7,"column":65}},"6":{"start":{"line":8,"column":8},"end":{"line":8,"column":42}},"7":{"start":{"line":10,"column":8},"end":{"line":10,"column":82}},"8":{"start":{"line":14,"column":15},"end":{"line":21,"column":1}},"9":{"start":{"line":15,"column":4},"end":{"line":20,"column":5}},"10":{"start":{"line":16,"column":36},"end":{"line":16,"column":58}},"11":{"start":{"line":17,"column":8},"end":{"line":17,"column":50}},"12":{"start":{"line":19,"column":8},"end":{"line":19,"column":53}},"13":{"start":{"line":23,"column":15},"end":{"line":40,"column":1}},"14":{"start":{"line":24,"column":4},"end":{"line":39,"column":5}},"15":{"start":{"line":25,"column":23},"end":{"line":25,"column":33}},"16":{"start":{"line":26,"column":8},"end":{"line":28,"column":9}},"17":{"start":{"line":27,"column":12},"end":{"line":27,"column":71}},"18":{"start":{"line":29,"column":34},"end":{"line":29,"column":68}},"19":{"start":{"line":30,"column":8},"end":{"line":35,"column":9}},"20":{"start":{"line":31,"column":12},"end":{"line":31,"column":44}},"21":{"start":{"line":32,"column":12},"end":{"line":32,"column":26}},"22":{"start":{"line":34,"column":12},"end":{"line":34,"column":75}},"23":{"start":{"line":38,"column":8},"end":{"line":38,"column":53}},"24":{"start":{"line":42,"column":15},"end":{"line":44,"column":1}},"25":{"start":{"line":43,"column":4},"end":{"line":43,"column":38}},"26":{"start":{"line":46,"column":18},"end":{"line":65,"column":1}},"27":{"start":{"line":47,"column":4},"end":{"line":64,"column":5}},"28":{"start":{"line":48,"column":23},"end":{"line":48,"column":33}},"29":{"start":{"line":49,"column":34},"end":{"line":57,"column":9}},"30":{"start":{"line":59,"column":7},"end":{"line":59,"column":54}},"31":{"start":{"line":62,"column":7},"end":{"line":62,"column":88}},"32":{"start":{"line":67,"column":16},"end":{"line":75,"column":1}},"33":{"start":{"line":68,"column":4},"end":{"line":74,"column":5}},"34":{"start":{"line":69,"column":23},"end":{"line":69,"column":33}},"35":{"start":{"line":70,"column":32},"end":{"line":70,"column":75}},"36":{"start":{"line":71,"column":8},"end":{"line":71,"column":31}},"37":{"start":{"line":73,"column":8},"end":{"line":73,"column":53}},"38":{"start":{"line":78,"column":0},"end":{"line":78,"column":71}}},"fnMap":{"0":{"name":"(anonymous_0)","decl":{"start":{"line":4,"column":14},"end":{"line":4,"column":15}},"loc":{"start":{"line":4,"column":34},"end":{"line":12,"column":1}},"line":4},"1":{"name":"(anonymous_1)","decl":{"start":{"line":14,"column":15},"end":{"line":14,"column":16}},"loc":{"start":{"line":14,"column":35},"end":{"line":21,"column":1}},"line":14},"2":{"name":"(anonymous_2)","decl":{"start":{"line":23,"column":15},"end":{"line":23,"column":16}},"loc":{"start":{"line":23,"column":41},"end":{"line":40,"column":1}},"line":23},"3":{"name":"(anonymous_3)","decl":{"start":{"line":42,"column":15},"end":{"line":42,"column":16}},"loc":{"start":{"line":42,"column":29},"end":{"line":44,"column":1}},"line":42},"4":{"name":"(anonymous_4)","decl":{"start":{"line":46,"column":18},"end":{"line":46,"column":19}},"loc":{"start":{"line":46,"column":38},"end":{"line":65,"column":1}},"line":46},"5":{"name":"(anonymous_5)","decl":{"start":{"line":67,"column":16},"end":{"line":67,"column":17}},"loc":{"start":{"line":67,"column":36},"end":{"line":75,"column":1}},"line":67}},"branchMap":{"0":{"loc":{"start":{"line":26,"column":8},"end":{"line":28,"column":9}},"type":"if","locations":[{"start":{"line":26,"column":8},"end":{"line":28,"column":9}},{"start":{},"end":{}}],"line":26},"1":{"loc":{"start":{"line":30,"column":8},"end":{"line":35,"column":9}},"type":"if","locations":[{"start":{"line":30,"column":8},"end":{"line":35,"column":9}},{"start":{"line":33,"column":15},"end":{"line":35,"column":9}}],"line":30}},"s":{"0":1,"1":1,"2":1,"3":2,"4":2,"5":2,"6":1,"7":1,"8":1,"9":1,"10":1,"11":1,"12":0,"13":1,"14":10,"15":10,"16":10,"17":3,"18":7,"19":7,"20":4,"21":4,"22":3,"23":0,"24":1,"25":1,"26":1,"27":2,"28":2,"29":2,"30":2,"31":0,"32":1,"33":1,"34":1,"35":1,"36":1,"37":0,"38":1},"f":{"0":2,"1":1,"2":10,"3":1,"4":2,"5":1},"b":{"0":[3,7],"1":[4,3]},"_coverageSchema":"1a1c01bbd47fc00a2c39e90264f33305004495a9","hash":"8bd1afa19d42cea5c79f0c4804c3359b59b0600c"}
,"C:\\Users\\2324291056\\Documents\\BECK NOT END\\backend_training\\Praticas\\Pratica07\\models\\produtosModel.js": {"path":"C:\\Users\\2324291056\\Documents\\BECK NOT END\\backend_training\\Praticas\\Pratica07\\models\\produtosModel.js","statementMap":{"0":{"start":{"line":1,"column":17},"end":{"line":1,"column":36}},"1":{"start":{"line":3,"column":15},"end":{"line":15,"column":2}},"2":{"start":{"line":17,"column":0},"end":{"line":17,"column":51}}},"fnMap":{},"branchMap":{},"s":{"0":1,"1":1,"2":1},"f":{},"b":{},"_coverageSchema":"1a1c01bbd47fc00a2c39e90264f33305004495a9","hash":"7bdef24ea26b894174ba3ec4076e22c09b6ddad4"}
,"C:\\Users\\2324291056\\Documents\\BECK NOT END\\backend_training\\Praticas\\Pratica07\\routes\\produtosRouter.js": {"path":"C:\\Users\\2324291056\\Documents\\BECK NOT END\\backend_training\\Praticas\\Pratica07\\routes\\produtosRouter.js","statementMap":{"0":{"start":{"line":1,"column":16},"end":{"line":1,"column":34}},"1":{"start":{"line":3,"column":27},"end":{"line":3,"column":71}},"2":{"start":{"line":5,"column":15},"end":{"line":5,"column":31}},"3":{"start":{"line":7,"column":0},"end":{"line":7,"column":43}},"4":{"start":{"line":9,"column":0},"end":{"line":9,"column":43}},"5":{"start":{"line":11,"column":0},"end":{"line":11,"column":73}},"6":{"start":{"line":13,"column":0},"end":{"line":13,"column":76}},"7":{"start":{"line":15,"column":0},"end":{"line":15,"column":77}},"8":{"start":{"line":17,"column":0},"end":{"line":17,"column":24}}},"fnMap":{},"branchMap":{},"s":{"0":1,"1":1,"2":1,"3":1,"4":1,"5":1,"6":1,"7":1,"8":1},"f":{},"b":{},"_coverageSchema":"1a1c01bbd47fc00a2c39e90264f33305004495a9","hash":"1c17d1da1fedbf178c50447c0747fac04cb95140"}
}
