{"C:\\Users\\2324291056\\Documents\\BECK NOT END\\backend_training\\Aulas\\aula09\\app.js": {"path":"C:\\Users\\2324291056\\Documents\\BECK NOT END\\backend_training\\Aulas\\aula09\\app.js","statementMap":{"0":{"start":{"line":1,"column":0},"end":{"line":1,"column":27}},"1":{"start":{"line":2,"column":16},"end":{"line":2,"column":34}},"2":{"start":{"line":3,"column":21},"end":{"line":3,"column":45}},"3":{"start":{"line":4,"column":15},"end":{"line":4,"column":32}},"4":{"start":{"line":5,"column":17},"end":{"line":5,"column":36}},"5":{"start":{"line":7,"column":21},"end":{"line":7,"column":53}},"6":{"start":{"line":9,"column":12},"end":{"line":9,"column":141}},"7":{"start":{"line":11,"column":0},"end":{"line":14,"column":75}},"8":{"start":{"line":13,"column":14},"end":{"line":13,"column":49}},"9":{"start":{"line":14,"column":18},"end":{"line":14,"column":73}},"10":{"start":{"line":16,"column":12},"end":{"line":16,"column":21}},"11":{"start":{"line":18,"column":0},"end":{"line":18,"column":23}},"12":{"start":{"line":19,"column":0},"end":{"line":19,"column":24}},"13":{"start":{"line":20,"column":0},"end":{"line":20,"column":49}},"14":{"start":{"line":21,"column":0},"end":{"line":21,"column":24}},"15":{"start":{"line":23,"column":0},"end":{"line":23,"column":34}},"16":{"start":{"line":25,"column":0},"end":{"line":25,"column":21}}},"fnMap":{"0":{"name":"(anonymous_0)","decl":{"start":{"line":13,"column":8},"end":{"line":13,"column":9}},"loc":{"start":{"line":13,"column":14},"end":{"line":13,"column":49}},"line":13},"1":{"name":"(anonymous_1)","decl":{"start":{"line":14,"column":9},"end":{"line":14,"column":10}},"loc":{"start":{"line":14,"column":18},"end":{"line":14,"column":73}},"line":14}},"branchMap":{},"s":{"0":1,"1":1,"2":1,"3":1,"4":1,"5":1,"6":1,"7":1,"8":1,"9":0,"10":1,"11":1,"12":1,"13":1,"14":1,"15":1,"16":1},"f":{"0":1,"1":0},"b":{},"_coverageSchema":"1a1c01bbd47fc00a2c39e90264f33305004495a9","hash":"e6c1ad84a114fc57bed8a753f0b1d0b87004e809"}
,"C:\\Users\\2324291056\\Documents\\BECK NOT END\\backend_training\\Aulas\\aula09\\controllers\\tarefaController.js": {"path":"C:\\Users\\2324291056\\Documents\\BECK NOT END\\backend_training\\Aulas\\aula09\\controllers\\tarefaController.js","statementMap":{"0":{"start":{"line":1,"column":17},"end":{"line":1,"column":36}},"1":{"start":{"line":2,"column":15},"end":{"line":2,"column":47}},"2":{"start":{"line":5,"column":4},"end":{"line":10,"column":5}},"3":{"start":{"line":6,"column":22},"end":{"line":6,"column":43}},"4":{"start":{"line":7,"column":6},"end":{"line":7,"column":31}},"5":{"start":{"line":9,"column":12},"end":{"line":9,"column":68}},"6":{"start":{"line":14,"column":3},"end":{"line":25,"column":5}},"7":{"start":{"line":15,"column":25},"end":{"line":18,"column":6}},"8":{"start":{"line":19,"column":4},"end":{"line":19,"column":44}},"9":{"start":{"line":21,"column":6},"end":{"line":23,"column":7}},"10":{"start":{"line":22,"column":8},"end":{"line":22,"column":71}},"11":{"start":{"line":24,"column":6},"end":{"line":24,"column":53}},"12":{"start":{"line":30,"column":19},"end":{"line":30,"column":29}},"13":{"start":{"line":31,"column":5},"end":{"line":33,"column":6}},"14":{"start":{"line":32,"column":6},"end":{"line":32,"column":57}},"15":{"start":{"line":35,"column":29},"end":{"line":35,"column":60}},"16":{"start":{"line":36,"column":4},"end":{"line":38,"column":5}},"17":{"start":{"line":37,"column":6},"end":{"line":37,"column":20}},"18":{"start":{"line":39,"column":4},"end":{"line":39,"column":65}},"19":{"start":{"line":43,"column":4},"end":{"line":43,"column":32}},"20":{"start":{"line":47,"column":19},"end":{"line":47,"column":29}},"21":{"start":{"line":48,"column":29},"end":{"line":52,"column":7}},"22":{"start":{"line":53,"column":4},"end":{"line":53,"column":38}},"23":{"start":{"line":57,"column":19},"end":{"line":57,"column":29}},"24":{"start":{"line":58,"column":27},"end":{"line":58,"column":66}},"25":{"start":{"line":59,"column":4},"end":{"line":59,"column":33}},"26":{"start":{"line":62,"column":2},"end":{"line":62,"column":73}}},"fnMap":{"0":{"name":"listar","decl":{"start":{"line":4,"column":15},"end":{"line":4,"column":21}},"loc":{"start":{"line":4,"column":32},"end":{"line":11,"column":1}},"line":4},"1":{"name":"criar","decl":{"start":{"line":13,"column":15},"end":{"line":13,"column":20}},"loc":{"start":{"line":13,"column":31},"end":{"line":26,"column":3}},"line":13},"2":{"name":"buscar","decl":{"start":{"line":29,"column":17},"end":{"line":29,"column":23}},"loc":{"start":{"line":29,"column":40},"end":{"line":40,"column":3}},"line":29},"3":{"name":"exibir","decl":{"start":{"line":42,"column":11},"end":{"line":42,"column":17}},"loc":{"start":{"line":42,"column":28},"end":{"line":44,"column":3}},"line":42},"4":{"name":"atualizar","decl":{"start":{"line":46,"column":15},"end":{"line":46,"column":24}},"loc":{"start":{"line":46,"column":35},"end":{"line":54,"column":3}},"line":46},"5":{"name":"remover","decl":{"start":{"line":56,"column":15},"end":{"line":56,"column":22}},"loc":{"start":{"line":56,"column":33},"end":{"line":60,"column":3}},"line":56}},"branchMap":{"0":{"loc":{"start":{"line":21,"column":6},"end":{"line":23,"column":7}},"type":"if","locations":[{"start":{"line":21,"column":6},"end":{"line":23,"column":7}},{"start":{},"end":{}}],"line":21},"1":{"loc":{"start":{"line":31,"column":5},"end":{"line":33,"column":6}},"type":"if","locations":[{"start":{"line":31,"column":5},"end":{"line":33,"column":6}},{"start":{},"end":{}}],"line":31},"2":{"loc":{"start":{"line":36,"column":4},"end":{"line":38,"column":5}},"type":"if","locations":[{"start":{"line":36,"column":4},"end":{"line":38,"column":5}},{"start":{},"end":{}}],"line":36}},"s":{"0":1,"1":1,"2":1,"3":1,"4":1,"5":0,"6":2,"7":2,"8":1,"9":1,"10":1,"11":0,"12":9,"13":9,"14":3,"15":6,"16":6,"17":3,"18":3,"19":1,"20":1,"21":1,"22":1,"23":1,"24":1,"25":1,"26":1},"f":{"0":1,"1":2,"2":9,"3":1,"4":1,"5":1},"b":{"0":[1,0],"1":[3,6],"2":[3,3]},"_coverageSchema":"1a1c01bbd47fc00a2c39e90264f33305004495a9","hash":"ed01356c5cc15791f4d9550ab9b3df60eb4b4338"}
,"C:\\Users\\2324291056\\Documents\\BECK NOT END\\backend_training\\Aulas\\aula09\\models\\tarefaModel.js": {"path":"C:\\Users\\2324291056\\Documents\\BECK NOT END\\backend_training\\Aulas\\aula09\\models\\tarefaModel.js","statementMap":{"0":{"start":{"line":1,"column":17},"end":{"line":1,"column":36}},"1":{"start":{"line":3,"column":15},"end":{"line":11,"column":2}},"2":{"start":{"line":13,"column":0},"end":{"line":13,"column":50}}},"fnMap":{},"branchMap":{},"s":{"0":1,"1":1,"2":1},"f":{},"b":{},"_coverageSchema":"1a1c01bbd47fc00a2c39e90264f33305004495a9","hash":"9101e2443882d39aec6183ac321021498936d2ff"}
,"C:\\Users\\2324291056\\Documents\\BECK NOT END\\backend_training\\Aulas\\aula09\\routes\\tarefaRouter.js": {"path":"C:\\Users\\2324291056\\Documents\\BECK NOT END\\backend_training\\Aulas\\aula09\\routes\\tarefaRouter.js","statementMap":{"0":{"start":{"line":1,"column":16},"end":{"line":1,"column":34}},"1":{"start":{"line":3,"column":19},"end":{"line":3,"column":61}},"2":{"start":{"line":5,"column":15},"end":{"line":5,"column":31}},"3":{"start":{"line":7,"column":0},"end":{"line":7,"column":35}},"4":{"start":{"line":9,"column":0},"end":{"line":9,"column":35}},"5":{"start":{"line":11,"column":0},"end":{"line":11,"column":57}},"6":{"start":{"line":13,"column":0},"end":{"line":13,"column":60}},"7":{"start":{"line":15,"column":0},"end":{"line":15,"column":61}},"8":{"start":{"line":17,"column":0},"end":{"line":17,"column":24}}},"fnMap":{},"branchMap":{},"s":{"0":1,"1":1,"2":1,"3":1,"4":1,"5":1,"6":1,"7":1,"8":1},"f":{},"b":{},"_coverageSchema":"1a1c01bbd47fc00a2c39e90264f33305004495a9","hash":"4e5302bdd6ff5b797fee2bf6ef322f5784b9e800"}
}
