TN:
SF:app.js
FN:13,(anonymous_0)
FN:14,(anonymous_1)
FNF:2
FNH:1
FNDA:1,(anonymous_0)
FNDA:0,(anonymous_1)
DA:1,1
DA:2,1
DA:3,1
DA:4,1
DA:5,1
DA:7,1
DA:9,1
DA:11,1
DA:13,1
DA:14,0
DA:16,1
DA:18,1
DA:19,1
DA:20,1
DA:21,1
DA:23,1
DA:25,1
LF:17
LH:16
BRF:0
BRH:0
end_of_record
TN:
SF:controllers\tarefaController.js
FN:4,listar
FN:13,criar
FN:29,buscar
FN:42,exibir
FN:46,atualizar
FN:56,remover
FNF:6
FNH:6
FNDA:1,listar
FNDA:2,criar
FNDA:9,buscar
FNDA:1,exibir
FNDA:1,atualizar
FNDA:1,remover
DA:1,1
DA:2,1
DA:5,1
DA:6,1
DA:7,1
DA:9,0
DA:14,2
DA:15,2
DA:19,1
DA:21,1
DA:22,1
DA:24,0
DA:30,9
DA:31,9
DA:32,3
DA:35,6
DA:36,6
DA:37,3
DA:39,3
DA:43,1
DA:47,1
DA:48,1
DA:53,1
DA:57,1
DA:58,1
DA:59,1
DA:62,1
LF:27
LH:25
BRDA:21,0,0,1
BRDA:21,0,1,0
BRDA:31,1,0,3
BRDA:31,1,1,6
BRDA:36,2,0,3
BRDA:36,2,1,3
BRF:6
BRH:5
end_of_record
TN:
SF:models\tarefaModel.js
FNF:0
FNH:0
DA:1,1
DA:3,1
DA:13,1
LF:3
LH:3
BRF:0
BRH:0
end_of_record
TN:
SF:routes\tarefaRouter.js
FNF:0
FNH:0
DA:1,1
DA:3,1
DA:5,1
DA:7,1
DA:9,1
DA:11,1
DA:13,1
DA:15,1
DA:17,1
LF:9
LH:9
BRF:0
BRH:0
end_of_record
